0 info it worked if it ends with ok
1 verbose cli [ 'node', '/usr/local/bin/npm', 'install', '-g', 'mocha' ]
2 info using npm@1.4.28
3 info using node@v0.10.35
4 verbose node symlink /usr/local/bin/node
5 verbose cache add [ 'mocha', null ]
6 verbose cache add name=undefined spec="mocha" args=["mocha",null]
7 verbose parsed url { protocol: null,
7 verbose parsed url   slashes: null,
7 verbose parsed url   auth: null,
7 verbose parsed url   host: null,
7 verbose parsed url   port: null,
7 verbose parsed url   hostname: null,
7 verbose parsed url   hash: null,
7 verbose parsed url   search: null,
7 verbose parsed url   query: null,
7 verbose parsed url   pathname: 'mocha',
7 verbose parsed url   path: 'mocha',
7 verbose parsed url   href: 'mocha' }
8 silly lockFile a619da43-mocha mocha
9 verbose lock mocha /Users/deeger/.npm/a619da43-mocha.lock
10 silly lockFile a619da43-mocha mocha
11 silly lockFile a619da43-mocha mocha
12 verbose addNamed [ 'mocha', '' ]
13 verbose addNamed [ null, '*' ]
14 silly lockFile b9899f31-mocha mocha@
15 verbose lock mocha@ /Users/deeger/.npm/b9899f31-mocha.lock
16 silly addNameRange { name: 'mocha', range: '*', hasData: false }
17 verbose request where is /mocha
18 verbose request registry https://registry.npmjs.org/
19 verbose request id 7a453913abb67649
20 verbose url raw /mocha
21 verbose url resolving [ 'https://registry.npmjs.org/', './mocha' ]
22 verbose url resolved https://registry.npmjs.org/mocha
23 verbose request where is https://registry.npmjs.org/mocha
24 info trying registry request attempt 1 at 13:20:58
25 verbose etag "1XE98B8T7WSLL71LJH2PUPF3X"
26 http GET https://registry.npmjs.org/mocha
27 http 200 https://registry.npmjs.org/mocha
28 silly registry.get cb [ 200,
28 silly registry.get   { date: 'Thu, 05 Mar 2015 20:20:58 GMT',
28 silly registry.get     server: 'CouchDB/1.5.0 (Erlang OTP/R16B03)',
28 silly registry.get     etag: '"299N7UWF89FG0ZJSN1NGG2IB9"',
28 silly registry.get     'content-type': 'application/json',
28 silly registry.get     'cache-control': 'max-age=60',
28 silly registry.get     'content-length': '111836',
28 silly registry.get     'accept-ranges': 'bytes',
28 silly registry.get     via: '1.1 varnish',
28 silly registry.get     age: '11',
28 silly registry.get     'x-served-by': 'cache-sjc3122-SJC',
28 silly registry.get     'x-cache': 'HIT',
28 silly registry.get     'x-cache-hits': '2',
28 silly registry.get     'x-timer': 'S1425586858.774413,VS0,VE0',
28 silly registry.get     vary: 'Accept',
28 silly registry.get     'keep-alive': 'timeout=10, max=50',
28 silly registry.get     connection: 'Keep-Alive' } ]
29 silly addNameRange number 2 { name: 'mocha', range: '*', hasData: true }
30 silly addNameRange versions [ 'mocha',
30 silly addNameRange   [ '0.0.1-alpha1',
30 silly addNameRange     '0.0.1-alpha2',
30 silly addNameRange     '0.0.1-alpha3',
30 silly addNameRange     '0.0.1-alpha4',
30 silly addNameRange     '0.0.1-alpha5',
30 silly addNameRange     '0.0.1-alpha6',
30 silly addNameRange     '0.0.1',
30 silly addNameRange     '0.0.2',
30 silly addNameRange     '0.0.3',
30 silly addNameRange     '0.0.4',
30 silly addNameRange     '0.0.5',
30 silly addNameRange     '0.0.6',
30 silly addNameRange     '0.0.7',
30 silly addNameRange     '0.0.8',
30 silly addNameRange     '0.1.0',
30 silly addNameRange     '0.2.0',
30 silly addNameRange     '0.3.0',
30 silly addNameRange     '0.3.1',
30 silly addNameRange     '0.3.2',
30 silly addNameRange     '0.3.3',
30 silly addNameRange     '0.3.4',
30 silly addNameRange     '0.3.6',
30 silly addNameRange     '0.4.0',
30 silly addNameRange     '0.5.0',
30 silly addNameRange     '0.6.0',
30 silly addNameRange     '0.7.0',
30 silly addNameRange     '0.7.1',
30 silly addNameRange     '0.8.0',
30 silly addNameRange     '0.8.1',
30 silly addNameRange     '0.9.0',
30 silly addNameRange     '0.10.0',
30 silly addNameRange     '0.10.1',
30 silly addNameRange     '0.10.2',
30 silly addNameRange     '0.11.0',
30 silly addNameRange     '0.12.0',
30 silly addNameRange     '0.12.1',
30 silly addNameRange     '0.13.0',
30 silly addNameRange     '0.14.0',
30 silly addNameRange     '0.14.1',
30 silly addNameRange     '1.0.0',
30 silly addNameRange     '1.0.1',
30 silly addNameRange     '1.0.2',
30 silly addNameRange     '1.0.3',
30 silly addNameRange     '1.1.0',
30 silly addNameRange     '1.2.0',
30 silly addNameRange     '1.2.1',
30 silly addNameRange     '1.2.2',
30 silly addNameRange     '1.3.0',
30 silly addNameRange     '1.3.1',
30 silly addNameRange     '1.3.2',
30 silly addNameRange     '1.4.0',
30 silly addNameRange     '1.4.1',
30 silly addNameRange     '1.4.2',
30 silly addNameRange     '1.4.3',
30 silly addNameRange     '1.5.0',
30 silly addNameRange     '1.6.0',
30 silly addNameRange     '1.7.0',
30 silly addNameRange     '1.7.1',
30 silly addNameRange     '1.7.2',
30 silly addNameRange     '1.7.3',
30 silly addNameRange     '1.7.4',
30 silly addNameRange     '1.8.0',
30 silly addNameRange     '1.8.1',
30 silly addNameRange     '1.8.2',
30 silly addNameRange     '1.9.0',
30 silly addNameRange     '1.10.0',
30 silly addNameRange     '1.11.0',
30 silly addNameRange     '1.12.0',
30 silly addNameRange     '1.12.1',
30 silly addNameRange     '1.13.0',
30 silly addNameRange     '1.14.0',
30 silly addNameRange     '1.15.0',
30 silly addNameRange     '1.15.1',
30 silly addNameRange     '1.16.0',
30 silly addNameRange     '1.16.1',
30 silly addNameRange     '1.16.2',
30 silly addNameRange     '1.17.0',
30 silly addNameRange     '1.17.1',
30 silly addNameRange     '1.18.0',
30 silly addNameRange     '1.18.1',
30 silly addNameRange     '1.18.2',
30 silly addNameRange     '1.19.0',
30 silly addNameRange     '1.20.0',
30 silly addNameRange     '1.20.1',
30 silly addNameRange     '1.21.0',
30 silly addNameRange     '1.21.1',
30 silly addNameRange     '1.21.2',
30 silly addNameRange     '1.21.3',
30 silly addNameRange     '1.21.4',
30 silly addNameRange     '1.21.5',
30 silly addNameRange     '2.0.0',
30 silly addNameRange     '2.0.1',
30 silly addNameRange     '2.1.0' ] ]
31 verbose addNamed [ 'mocha', '2.1.0' ]
32 verbose addNamed [ '2.1.0', '2.1.0' ]
33 silly lockFile f9a4f261-mocha-2-1-0 mocha@2.1.0
34 verbose lock mocha@2.1.0 /Users/deeger/.npm/f9a4f261-mocha-2-1-0.lock
35 silly lockFile f9a4f261-mocha-2-1-0 mocha@2.1.0
36 silly lockFile f9a4f261-mocha-2-1-0 mocha@2.1.0
37 silly lockFile b9899f31-mocha mocha@
38 silly lockFile b9899f31-mocha mocha@
39 silly resolved [ { name: 'mocha',
39 silly resolved     version: '2.1.0',
39 silly resolved     description: 'simple, flexible, fun test framework',
39 silly resolved     keywords: [ 'mocha', 'test', 'bdd', 'tdd', 'tap' ],
39 silly resolved     author: { name: 'TJ Holowaychuk', email: 'tj@vision-media.ca' },
39 silly resolved     contributors:
39 silly resolved      [ [Object],
39 silly resolved        [Object],
39 silly resolved        [Object],
39 silly resolved        [Object],
39 silly resolved        [Object],
39 silly resolved        [Object],
39 silly resolved        [Object],
39 silly resolved        [Object] ],
39 silly resolved     repository: { type: 'git', url: 'git://github.com/mochajs/mocha.git' },
39 silly resolved     maintainers: [ [Object], [Object], [Object] ],
39 silly resolved     main: './index',
39 silly resolved     browser: './mocha.js',
39 silly resolved     bin: { mocha: './bin/mocha', _mocha: './bin/_mocha' },
39 silly resolved     engines: { node: '>= 0.8.x' },
39 silly resolved     scripts: { test: 'make test-all' },
39 silly resolved     dependencies:
39 silly resolved      { commander: '2.3.0',
39 silly resolved        debug: '2.0.0',
39 silly resolved        diff: '1.0.8',
39 silly resolved        'escape-string-regexp': '1.0.2',
39 silly resolved        glob: '3.2.3',
39 silly resolved        growl: '1.8.1',
39 silly resolved        jade: '0.26.3',
39 silly resolved        mkdirp: '0.5.0' },
39 silly resolved     devDependencies: { 'coffee-script': '~1.8.0', should: '~4.0.0' },
39 silly resolved     files:
39 silly resolved      [ 'bin',
39 silly resolved        'images',
39 silly resolved        'lib',
39 silly resolved        'index.js',
39 silly resolved        'mocha.css',
39 silly resolved        'mocha.js',
39 silly resolved        'LICENSE' ],
39 silly resolved     licenses: [ [Object] ],
39 silly resolved     bugs: { url: 'https://github.com/mochajs/mocha/issues' },
39 silly resolved     homepage: 'https://github.com/mochajs/mocha',
39 silly resolved     _id: 'mocha@2.1.0',
39 silly resolved     _shasum: '77752fe592fb9092756827af46cd3eae1b83671c',
39 silly resolved     _from: 'mocha@',
39 silly resolved     _npmVersion: '1.4.9',
39 silly resolved     _npmUser: { name: 'travisjeffery', email: 'tj@travisjeffery.com' },
39 silly resolved     dist:
39 silly resolved      { shasum: '77752fe592fb9092756827af46cd3eae1b83671c',
39 silly resolved        tarball: 'http://registry.npmjs.org/mocha/-/mocha-2.1.0.tgz' },
39 silly resolved     directories: {},
39 silly resolved     _resolved: 'https://registry.npmjs.org/mocha/-/mocha-2.1.0.tgz',
39 silly resolved     readme: 'ERROR: No README data found!' } ]
40 info install mocha@2.1.0 into /usr/local/lib
41 info installOne mocha@2.1.0
42 verbose lib/node_modules/mocha unbuild
43 verbose tar unpack /Users/deeger/.npm/mocha/2.1.0/package.tgz
44 silly lockFile 746f3f6f-usr-local-lib-node-modules-mocha tar:///usr/local/lib/node_modules/mocha
45 verbose lock tar:///usr/local/lib/node_modules/mocha /Users/deeger/.npm/746f3f6f-usr-local-lib-node-modules-mocha.lock
46 silly lockFile b8fe523f-eger-npm-mocha-2-1-0-package-tgz tar:///Users/deeger/.npm/mocha/2.1.0/package.tgz
47 verbose lock tar:///Users/deeger/.npm/mocha/2.1.0/package.tgz /Users/deeger/.npm/b8fe523f-eger-npm-mocha-2-1-0-package-tgz.lock
48 silly gunzTarPerm modes [ '755', '644' ]
49 error Error: EACCES, mkdir '/usr/local/lib/node_modules/mocha'
49 error  { [Error: EACCES, mkdir '/usr/local/lib/node_modules/mocha']
49 error   errno: 3,
49 error   code: 'EACCES',
49 error   path: '/usr/local/lib/node_modules/mocha',
49 error   fstream_type: 'Directory',
49 error   fstream_path: '/usr/local/lib/node_modules/mocha',
49 error   fstream_class: 'DirWriter',
49 error   fstream_stack:
49 error    [ '/usr/local/lib/node_modules/npm/node_modules/fstream/lib/dir-writer.js:36:23',
49 error      '/usr/local/lib/node_modules/npm/node_modules/mkdirp/index.js:46:53',
49 error      'Object.oncomplete (fs.js:108:15)' ] }
50 error Please try running this command again as root/Administrator.
51 error System Darwin 14.1.0
52 error command "node" "/usr/local/bin/npm" "install" "-g" "mocha"
53 error cwd /Users/deeger/Desktop/inClass/testingStuff
54 error node -v v0.10.35
55 error npm -v 1.4.28
56 error path /usr/local/lib/node_modules/mocha
57 error fstream_path /usr/local/lib/node_modules/mocha
58 error fstream_type Directory
59 error fstream_class DirWriter
60 error code EACCES
61 error errno 3
62 error stack Error: EACCES, mkdir '/usr/local/lib/node_modules/mocha'
63 error fstream_stack /usr/local/lib/node_modules/npm/node_modules/fstream/lib/dir-writer.js:36:23
63 error fstream_stack /usr/local/lib/node_modules/npm/node_modules/mkdirp/index.js:46:53
63 error fstream_stack Object.oncomplete (fs.js:108:15)
64 verbose exit [ 3, true ]
